<?xml version="1.0" encoding="UTF-8"?>
<!-- Generated by org.testng.reporters.JUnitReportReporter -->
<testsuite hostname="Raj" failures="0" tests="1" name="com.krollresolver.automation.tests.Test2_ListGroupTest" time="0.631" errors="0" timestamp="2025-07-05T16:49:54 IST" skipped="0">
  <testcase classname="com.krollresolver.automation.tests.Test2_ListGroupTest" name="testListGroupInTest2" time="0.631"/>
</testsuite> <!-- com.krollresolver.automation.tests.Test2_ListGroupTest -->
