<?xml version="1.0" encoding="UTF-8"?>
<!-- Generated by org.testng.reporters.JUnitReportReporter -->
<testsuite hostname="Raj" failures="0" tests="1" name="com.krollresolver.automation.tests.Test1Test" time="0.791" errors="0" timestamp="2025-07-04T01:51:17 IST" skipped="0">
  <testcase classname="com.krollresolver.automation.tests.Test1Test" name="runTest" time="0.791"/>
</testsuite> <!-- com.krollresolver.automation.tests.Test1Test -->
