<?xml version="1.0" encoding="UTF-8"?>
<!-- Generated by org.testng.reporters.JUnitReportReporter -->
<testsuite hostname="Raj" failures="0" tests="1" name="com.krollresolver.automation.tests.Test4_ButtonStateTest" time="0.160" errors="0" timestamp="2025-07-05T17:45:57 IST" skipped="0">
  <testcase classname="com.krollresolver.automation.tests.Test4_ButtonStateTest" name="verifyButtonStatesOnTest4Page" time="0.160"/>
</testsuite> <!-- com.krollresolver.automation.tests.Test4_ButtonStateTest -->
