<?xml version="1.0" encoding="UTF-8"?>
<!-- Generated by org.testng.reporters.JUnitReportReporter -->
<testsuite hostname="Raj" failures="0" tests="1" name="com.krollresolver.automation.tests.Test3_DropdownTest" time="0.606" errors="0" timestamp="2025-07-05T18:46:47 IST" skipped="0">
  <testcase classname="com.krollresolver.automation.tests.Test3_DropdownTest" name="testDropdownSelection" time="0.606"/>
</testsuite> <!-- com.krollresolver.automation.tests.Test3_DropdownTest -->
