<?xml version="1.0" encoding="UTF-8"?>
<!-- Generated by org.testng.reporters.JUnitReportReporter -->
<testsuite hostname="Raj" failures="0" tests="9" name="com.krollresolver.automation.tests.Test1_LoginTest" time="3.956" errors="0" timestamp="2025-07-05T18:46:47 IST" skipped="0">
  <testcase classname="com.krollresolver.automation.tests.Test1_LoginTest" name="verifyLoginFieldsArePresent" time="1.453"/>
  <testcase classname="com.krollresolver.automation.tests.Test1_LoginTest" name="verifyInvalidEmailFormatValidation" time="0.273"/>
  <testcase classname="com.krollresolver.automation.tests.Test1_LoginTest" name="verifyRequiredPasswordFieldValidationMessage" time="0.432"/>
  <testcase classname="com.krollresolver.automation.tests.Test1_LoginTest" name="verifyRequiredEmailFieldValidationMessage" time="0.298"/>
  <testcase classname="com.krollresolver.automation.tests.Test1_LoginTest" name="verifyPasswordFieldIsMasked" time="0.066"/>
  <testcase classname="com.krollresolver.automation.tests.Test1_LoginTest" name="verifyInputFieldPlaceholders" time="0.192"/>
  <testcase classname="com.krollresolver.automation.tests.Test1_LoginTest" name="verifyFieldValidationMessages" time="0.504"/>
  <testcase classname="com.krollresolver.automation.tests.Test1_LoginTest" name="verifyFieldValidationMessages" time="0.298"/>
  <testcase classname="com.krollresolver.automation.tests.Test1_LoginTest" name="verifyFieldValidationMessages" time="0.440"/>
</testsuite> <!-- com.krollresolver.automation.tests.Test1_LoginTest -->
