<?xml version="1.0" encoding="UTF-8"?>
<!-- Generated by org.testng.reporters.JUnitReportReporter -->
<testsuite hostname="Raj" failures="0" tests="9" name="com.krollresolver.automation.tests.Test1_LoginTest" time="3.109" errors="0" timestamp="2025-07-05T17:45:57 IST" skipped="0">
  <testcase classname="com.krollresolver.automation.tests.Test1_LoginTest" name="verifyLoginFieldsArePresent" time="1.032"/>
  <testcase classname="com.krollresolver.automation.tests.Test1_LoginTest" name="verifyInvalidEmailFormatValidation" time="0.235"/>
  <testcase classname="com.krollresolver.automation.tests.Test1_LoginTest" name="verifyRequiredPasswordFieldValidationMessage" time="0.323"/>
  <testcase classname="com.krollresolver.automation.tests.Test1_LoginTest" name="verifyRequiredEmailFieldValidationMessage" time="0.268"/>
  <testcase classname="com.krollresolver.automation.tests.Test1_LoginTest" name="verifyPasswordFieldIsMasked" time="0.080"/>
  <testcase classname="com.krollresolver.automation.tests.Test1_LoginTest" name="verifyInputFieldPlaceholders" time="0.120"/>
  <testcase classname="com.krollresolver.automation.tests.Test1_LoginTest" name="verifyFieldValidationMessages" time="0.350"/>
  <testcase classname="com.krollresolver.automation.tests.Test1_LoginTest" name="verifyFieldValidationMessages" time="0.441"/>
  <testcase classname="com.krollresolver.automation.tests.Test1_LoginTest" name="verifyFieldValidationMessages" time="0.260"/>
</testsuite> <!-- com.krollresolver.automation.tests.Test1_LoginTest -->
