<?xml version="1.0" encoding="UTF-8"?>
<!-- Generated by org.testng.reporters.JUnitReportReporter -->
<testsuite hostname="Raj" failures="0" tests="1" name="com.krollresolver.automation.tests.Test5_DelayedButtonTest" time="9.641" errors="0" timestamp="2025-07-05T17:45:57 IST" skipped="0">
  <testcase classname="com.krollresolver.automation.tests.Test5_DelayedButtonTest" name="verifyDelayedButtonBehavior" time="9.641"/>
</testsuite> <!-- com.krollresolver.automation.tests.Test5_DelayedButtonTest -->
