<?xml version="1.0" encoding="UTF-8"?>
<!-- Generated by org.testng.reporters.JUnitReportReporter -->
<testsuite hostname="Raj" failures="0" tests="1" name="com.krollresolver.automation.tests.Test6_GridTest" time="0.242" errors="0" timestamp="2025-07-05T18:46:47 IST" skipped="0">
  <testcase classname="com.krollresolver.automation.tests.Test6_GridTest" name="verifyGridDataAndCoordinates" time="0.242"/>
</testsuite> <!-- com.krollresolver.automation.tests.Test6_GridTest -->
